/fs/scratch/users/rong_gong/2023/dax/wenet/data/0058/conversation_0104 233280 43
/fs/scratch/users/rong_gong/2023/dax/wenet/data/0058/conversation_0088 238080 40
/fs/scratch/users/rong_gong/2023/dax/wenet/data/0058/conversation_0056 238720 39
/fs/scratch/users/rong_gong/2023/dax/wenet/data/0058/conversation_0053 248640 34
/fs/scratch/users/rong_gong/2023/dax/wenet/data/0049/conversation_0147 237600 48
/fs/scratch/users/rong_gong/2023/dax/wenet/data/0049/conversation_0091 223360 60
/fs/scratch/users/rong_gong/2023/dax/wenet/data/0049/conversation_0024 239040 63
/fs/scratch/users/rong_gong/2023/dax/wenet/data/0049/conversation_0012 243200 52
/fs/scratch/users/rong_gong/2023/dax/wenet/data/0049/conversation_0103 229120 65
/fs/scratch/users/rong_gong/2023/dax/wenet/data/0049/conversation_0231 239200 44
/fs/scratch/users/rong_gong/2023/dax/wenet/data/0049/conversation_0048 232640 52
/fs/scratch/users/rong_gong/2023/dax/wenet/data/0049/conversation_0239 232480 38
/fs/scratch/users/rong_gong/2023/dax/wenet/data/0049/conversation_0140 230720 46
/fs/scratch/users/rong_gong/2023/dax/wenet/data/0049/conversation_0056 230400 55
/fs/scratch/users/rong_gong/2023/dax/wenet/data/0049/conversation_0004 233440 44
/fs/scratch/users/rong_gong/2023/dax/wenet/data/0049/conversation_0098 232320 52
/fs/scratch/users/rong_gong/2023/dax/wenet/data/0049/conversation_0186 238880 63
/fs/scratch/users/rong_gong/2023/dax/wenet/data/0049/conversation_0063 248160 57
/fs/scratch/users/rong_gong/2023/dax/wenet/data/0049/conversation_0145 230240 53
/fs/scratch/users/rong_gong/2023/dax/wenet/data/0049/conversation_0069 246560 57
/fs/scratch/users/rong_gong/2023/dax/wenet/data/0049/conversation_0171 233440 45
/fs/scratch/users/rong_gong/2023/dax/wenet/data/0049/conversation_0083 233920 51
/fs/scratch/users/rong_gong/2023/dax/wenet/data/0049/conversation_0149 238080 57
/fs/scratch/users/rong_gong/2023/dax/wenet/data/0049/conversation_0193 238720 52
/fs/scratch/users/rong_gong/2023/dax/wenet/data/0049/conversation_0216 231040 51
/fs/scratch/users/rong_gong/2023/dax/wenet/data/0065/conversation_0415 232000 67
/fs/scratch/users/rong_gong/2023/dax/wenet/data/0065/conversation_0362 239680 54
/fs/scratch/users/rong_gong/2023/dax/wenet/data/0065/conversation_0005 266880 69
/fs/scratch/users/rong_gong/2023/dax/wenet/data/0065/conversation_0349 321120 79
/fs/scratch/users/rong_gong/2023/dax/wenet/data/0065/conversation_0425 267360 63
/fs/scratch/users/rong_gong/2023/dax/wenet/data/0065/conversation_0385 209760 65
/fs/scratch/users/rong_gong/2023/dax/wenet/data/0055/conversation_0680 231040 38
/fs/scratch/users/rong_gong/2023/dax/wenet/data/0011/conversation_0627 213120 62
/fs/scratch/users/rong_gong/2023/dax/wenet/data/0011/conversation_0655 218720 63
/fs/scratch/users/rong_gong/2023/dax/wenet/data/0011/conversation_0575 232160 64
/fs/scratch/users/rong_gong/2023/dax/wenet/data/0011/conversation_0645 192640 61
/fs/scratch/users/rong_gong/2023/dax/wenet/data/0011/conversation_0721 244480 62
/fs/scratch/users/rong_gong/2023/dax/wenet/data/0011/conversation_0779 238080 43
/fs/scratch/users/rong_gong/2023/dax/wenet/data/0011/conversation_0672 181600 62
/fs/scratch/users/rong_gong/2023/dax/wenet/data/0068/conversation_0349 230880 56
/fs/scratch/users/rong_gong/2023/dax/wenet/data/0066/conversation_0226 233920 38
/fs/scratch/users/rong_gong/2023/dax/wenet/data/0066/conversation_0386 235360 60
/fs/scratch/users/rong_gong/2023/dax/wenet/data/0066/conversation_0224 236000 16
/fs/scratch/users/rong_gong/2023/dax/wenet/data/0066/conversation_0387 230240 60
/fs/scratch/users/rong_gong/2023/dax/wenet/data/0059/conversation_0315 239680 52
/fs/scratch/users/rong_gong/2023/dax/wenet/data/0059/conversation_0364 206080 66
/fs/scratch/users/rong_gong/2023/dax/wenet/data/0059/conversation_0295 239520 56
/fs/scratch/users/rong_gong/2023/dax/wenet/data/0059/conversation_0472 234080 53
/fs/scratch/users/rong_gong/2023/dax/wenet/data/0059/conversation_0441 232640 64
/fs/scratch/users/rong_gong/2023/dax/wenet/data/0059/conversation_0455 239680 67
/fs/scratch/users/rong_gong/2023/dax/wenet/data/0059/conversation_0303 232480 58
/fs/scratch/users/rong_gong/2023/dax/wenet/data/0059/conversation_0463 230880 69
/fs/scratch/users/rong_gong/2023/dax/wenet/data/0059/conversation_0272 230880 55
/fs/scratch/users/rong_gong/2023/dax/wenet/data/0059/conversation_0413 164480 61
/fs/scratch/users/rong_gong/2023/dax/wenet/data/0059/conversation_0452 292000 75
/fs/scratch/users/rong_gong/2023/dax/wenet/data/0059/conversation_0253 236000 47
/fs/scratch/users/rong_gong/2023/dax/wenet/data/0019/conversation_0840 223200 77
/fs/scratch/users/rong_gong/2023/dax/wenet/data/0019/conversation_0912 232640 44
/fs/scratch/users/rong_gong/2023/dax/wenet/data/0019/conversation_0821 231040 57
/fs/scratch/users/rong_gong/2023/dax/wenet/data/0019/conversation_0975 238720 32
/fs/scratch/users/rong_gong/2023/dax/wenet/data/0019/conversation_0860 228000 73
/fs/scratch/users/rong_gong/2023/dax/wenet/data/0019/conversation_0881 167840 60
/fs/scratch/users/rong_gong/2023/dax/wenet/data/0019/conversation_0932 238400 42
/fs/scratch/users/rong_gong/2023/dax/wenet/data/0019/conversation_0864 236800 64
/fs/scratch/users/rong_gong/2023/dax/wenet/data/0019/conversation_0826 222720 66
/fs/scratch/users/rong_gong/2023/dax/wenet/data/0019/conversation_0873 237120 74
/fs/scratch/users/rong_gong/2023/dax/wenet/data/0019/conversation_0877 233120 66
/fs/scratch/users/rong_gong/2023/dax/wenet/data/0019/conversation_0923 239360 56
/fs/scratch/users/rong_gong/2023/dax/wenet/data/0019/conversation_0879 226240 60
/fs/scratch/users/rong_gong/2023/dax/wenet/data/0019/conversation_0870 220160 63
/fs/scratch/users/rong_gong/2023/dax/wenet/data/0019/conversation_0868 224960 60
/fs/scratch/users/rong_gong/2023/dax/wenet/data/0019/conversation_0941 230720 35
/fs/scratch/users/rong_gong/2023/dax/wenet/data/0019/conversation_0983 236800 42
/fs/scratch/users/rong_gong/2023/dax/wenet/data/0019/conversation_0895 228160 68
/fs/scratch/users/rong_gong/2023/dax/wenet/data/0019/conversation_0922 231200 57
/fs/scratch/users/rong_gong/2023/dax/wenet/data/0019/conversation_0919 237280 53
/fs/scratch/users/rong_gong/2023/dax/wenet/data/0019/conversation_0925 234880 60
/fs/scratch/users/rong_gong/2023/dax/wenet/data/0019/conversation_0904 233760 49
/fs/scratch/users/rong_gong/2023/dax/wenet/data/0019/conversation_0875 213280 61
/fs/scratch/users/rong_gong/2023/dax/wenet/data/0019/conversation_0832 233280 64
/fs/scratch/users/rong_gong/2023/dax/wenet/data/0019/conversation_0972 242880 48
/fs/scratch/users/rong_gong/2023/dax/wenet/data/0019/conversation_0871 227360 77
/fs/scratch/users/rong_gong/2023/dax/wenet/data/0019/conversation_0838 234880 52
/fs/scratch/users/rong_gong/2023/dax/wenet/data/0032/conversation_0491 223200 67
/fs/scratch/users/rong_gong/2023/dax/wenet/data/0032/conversation_0356 210560 63
/fs/scratch/users/rong_gong/2023/dax/wenet/data/0032/conversation_0312 206400 65
/fs/scratch/users/rong_gong/2023/dax/wenet/data/0032/conversation_0492 194560 61
/fs/scratch/users/rong_gong/2023/dax/wenet/data/0032/conversation_0374 238080 48
/fs/scratch/users/rong_gong/2023/dax/wenet/data/0032/conversation_0384 223200 68
/fs/scratch/users/rong_gong/2023/dax/wenet/data/0040/conversation_0394 192000 67
/fs/scratch/users/rong_gong/2023/dax/wenet/data/0040/conversation_0400 235200 75
/fs/scratch/users/rong_gong/2023/dax/wenet/data/0040/conversation_0325 225120 68
/fs/scratch/users/rong_gong/2023/dax/wenet/data/0040/conversation_0371 154720 60
/fs/scratch/users/rong_gong/2023/dax/wenet/data/0040/conversation_0259 234560 53
/fs/scratch/users/rong_gong/2023/dax/wenet/data/0040/conversation_0364 221760 65
/fs/scratch/users/rong_gong/2023/dax/wenet/data/0040/conversation_0311 206560 63
/fs/scratch/users/rong_gong/2023/dax/wenet/data/0040/conversation_0351 219840 81
/fs/scratch/users/rong_gong/2023/dax/wenet/data/0040/conversation_0396 234080 79
/fs/scratch/users/rong_gong/2023/dax/wenet/data/0040/conversation_0417 235200 70
/fs/scratch/users/rong_gong/2023/dax/wenet/data/0040/conversation_0336 210880 61
/fs/scratch/users/rong_gong/2023/dax/wenet/data/0040/conversation_0348 221120 68
/fs/scratch/users/rong_gong/2023/dax/wenet/data/0040/conversation_0354 225120 62
/fs/scratch/users/rong_gong/2023/dax/wenet/data/0040/conversation_0361 225440 60
/fs/scratch/users/rong_gong/2023/dax/wenet/data/0040/conversation_0376 203040 69
/fs/scratch/users/rong_gong/2023/dax/wenet/data/0040/conversation_0323 213600 63
/fs/scratch/users/rong_gong/2023/dax/wenet/data/0040/conversation_0410 240000 54
/fs/scratch/users/rong_gong/2023/dax/wenet/data/0040/conversation_0377 200160 71
/fs/scratch/users/rong_gong/2023/dax/wenet/data/0040/conversation_0379 237440 61
/fs/scratch/users/rong_gong/2023/dax/wenet/data/0040/conversation_0402 235520 65
/fs/scratch/users/rong_gong/2023/dax/wenet/data/0040/conversation_0416 228160 68
/fs/scratch/users/rong_gong/2023/dax/wenet/data/0040/conversation_0320 212480 70
/fs/scratch/users/rong_gong/2023/dax/wenet/data/0040/conversation_0423 232800 64
/fs/scratch/users/rong_gong/2023/dax/wenet/data/0040/conversation_0322 239840 69
/fs/scratch/users/rong_gong/2023/dax/wenet/data/0040/conversation_0368 187840 60
/fs/scratch/users/rong_gong/2023/dax/wenet/data/0040/conversation_0411 209280 67
/fs/scratch/users/rong_gong/2023/dax/wenet/data/0040/conversation_0321 225280 66
/fs/scratch/users/rong_gong/2023/dax/wenet/data/0040/conversation_0427 179840 64
/fs/scratch/users/rong_gong/2023/dax/wenet/data/0040/conversation_0419 189760 63
/fs/scratch/users/rong_gong/2023/dax/wenet/data/0040/conversation_0349 208320 63
/fs/scratch/users/rong_gong/2023/dax/wenet/data/0040/conversation_0373 236320 61
/fs/scratch/users/rong_gong/2023/dax/wenet/data/0040/conversation_0386 237120 80
/fs/scratch/users/rong_gong/2023/dax/wenet/data/0040/conversation_0385 215840 72
/fs/scratch/users/rong_gong/2023/dax/wenet/data/0040/conversation_0358 237600 61
/fs/scratch/users/rong_gong/2023/dax/wenet/data/0040/conversation_0387 214240 62
/fs/scratch/users/rong_gong/2023/dax/wenet/data/0040/conversation_0340 224960 73
/fs/scratch/users/rong_gong/2023/dax/wenet/data/0061/conversation_0006 222400 66
/fs/scratch/users/rong_gong/2023/dax/wenet/data/0016/conversation_0910 239040 54
/fs/scratch/users/rong_gong/2023/dax/wenet/data/0016/conversation_1008 233760 59
/fs/scratch/users/rong_gong/2023/dax/wenet/data/0016/conversation_0094 236320 45
/fs/scratch/users/rong_gong/2023/dax/wenet/data/0016/conversation_0103 234080 41
/fs/scratch/users/rong_gong/2023/dax/wenet/data/0016/conversation_0027 252800 43
/fs/scratch/users/rong_gong/2023/dax/wenet/data/0016/conversation_0973 232160 60
/fs/scratch/users/rong_gong/2023/dax/wenet/data/0016/conversation_0098 235200 41
/fs/scratch/users/rong_gong/2023/dax/wenet/data/0016/conversation_0039 231520 41
/fs/scratch/users/rong_gong/2023/dax/wenet/data/0016/conversation_0974 235040 56
/fs/scratch/users/rong_gong/2023/dax/wenet/data/0016/conversation_0902 225600 61
/fs/scratch/users/rong_gong/2023/dax/wenet/data/0016/conversation_0023 233920 36
/fs/scratch/users/rong_gong/2023/dax/wenet/data/0064/conversation_0325 199040 62
/fs/scratch/users/rong_gong/2023/dax/wenet/data/0064/conversation_0266 208320 61
/fs/scratch/users/rong_gong/2023/dax/wenet/data/0064/conversation_0364 237920 62
/fs/scratch/users/rong_gong/2023/dax/wenet/data/0064/conversation_0379 256160 28
/fs/scratch/users/rong_gong/2023/dax/wenet/data/0064/conversation_0405 242880 58
/fs/scratch/users/rong_gong/2023/dax/wenet/data/0064/conversation_0403 239040 65
/fs/scratch/users/rong_gong/2023/dax/wenet/data/0064/conversation_0373 213440 61
/fs/scratch/users/rong_gong/2023/dax/wenet/data/0021/conversation_0052 238720 49
/fs/scratch/users/rong_gong/2023/dax/wenet/data/0021/conversation_0110 262080 47
/fs/scratch/users/rong_gong/2023/dax/wenet/data/0021/conversation_0107 232480 33
/fs/scratch/users/rong_gong/2023/dax/wenet/data/0021/conversation_0103 233600 35
/fs/scratch/users/rong_gong/2023/dax/wenet/data/0021/conversation_0051 230560 47
/fs/scratch/users/rong_gong/2023/dax/wenet/data/0021/conversation_0152 252160 40
/fs/scratch/users/rong_gong/2023/dax/wenet/data/0021/conversation_0144 233120 42
/fs/scratch/users/rong_gong/2023/dax/wenet/data/0021/conversation_0161 231040 42
/fs/scratch/users/rong_gong/2023/dax/wenet/data/0021/conversation_0065 236000 39
/fs/scratch/users/rong_gong/2023/dax/wenet/data/0021/conversation_0122 230400 41
/fs/scratch/users/rong_gong/2023/dax/wenet/data/0012/conversation_0117 239040 59
/fs/scratch/users/rong_gong/2023/dax/wenet/data/0012/conversation_0017 236640 60
/fs/scratch/users/rong_gong/2023/dax/wenet/data/0012/conversation_0046 239840 50
/fs/scratch/users/rong_gong/2023/dax/wenet/data/0012/conversation_0039 232160 57
/fs/scratch/users/rong_gong/2023/dax/wenet/data/0012/conversation_0071 233440 46
/fs/scratch/users/rong_gong/2023/dax/wenet/data/0012/conversation_0051 237920 53
/fs/scratch/users/rong_gong/2023/dax/wenet/data/0012/conversation_0171 231200 43
/fs/scratch/users/rong_gong/2023/dax/wenet/data/0012/conversation_0120 230720 53
/fs/scratch/users/rong_gong/2023/dax/wenet/data/0012/conversation_0058 237600 47
/fs/scratch/users/rong_gong/2023/dax/wenet/data/0012/conversation_0049 235360 56
/fs/scratch/users/rong_gong/2023/dax/wenet/data/0026/conversation_0424 215200 62
/fs/scratch/users/rong_gong/2023/dax/wenet/data/0026/conversation_0525 207200 60
/fs/scratch/users/rong_gong/2023/dax/wenet/data/0026/conversation_0622 233120 42
/fs/scratch/users/rong_gong/2023/dax/wenet/data/0026/conversation_0421 174400 64
/fs/scratch/users/rong_gong/2023/dax/wenet/data/0026/conversation_0468 195520 61
/fs/scratch/users/rong_gong/2023/dax/wenet/data/0002/conversation_0014 236640 44
/fs/scratch/users/rong_gong/2023/dax/wenet/data/0002/conversation_0009 292800 62
/fs/scratch/users/rong_gong/2023/dax/wenet/data/0002/conversation_0110 287680 53
/fs/scratch/users/rong_gong/2023/dax/wenet/data/0002/conversation_0143 250560 55
/fs/scratch/users/rong_gong/2023/dax/wenet/data/0002/conversation_0142 234080 39
/fs/scratch/users/rong_gong/2023/dax/wenet/data/0002/conversation_0116 269440 54
/fs/scratch/users/rong_gong/2023/dax/wenet/data/0002/conversation_0097 249760 48
/fs/scratch/users/rong_gong/2023/dax/wenet/data/0002/conversation_0087 237600 42
/fs/scratch/users/rong_gong/2023/dax/wenet/data/0002/conversation_0060 236480 42
/fs/scratch/users/rong_gong/2023/dax/wenet/data/0002/conversation_0105 239520 41
/fs/scratch/users/rong_gong/2023/dax/wenet/data/0002/conversation_0159 278080 42
/fs/scratch/users/rong_gong/2023/dax/wenet/data/0002/conversation_0155 243360 39
/fs/scratch/users/rong_gong/2023/dax/wenet/data/0002/conversation_0031 238080 59
/fs/scratch/users/rong_gong/2023/dax/wenet/data/0053/conversation_0128 213920 62
/fs/scratch/users/rong_gong/2023/dax/wenet/data/0053/conversation_0173 234559 58
/fs/scratch/users/rong_gong/2023/dax/wenet/data/0053/conversation_0115 238080 51
/fs/scratch/users/rong_gong/2023/dax/wenet/data/0053/conversation_0066 236000 59
/fs/scratch/users/rong_gong/2023/dax/wenet/data/0053/conversation_0183 222240 67
/fs/scratch/users/rong_gong/2023/dax/wenet/data/0053/conversation_0130 227840 62
/fs/scratch/users/rong_gong/2023/dax/wenet/data/0053/conversation_0436 215360 64
/fs/scratch/users/rong_gong/2023/dax/wenet/data/0053/conversation_0373 241920 8
/fs/scratch/users/rong_gong/2023/dax/wenet/data/0053/conversation_0151 219360 70
/fs/scratch/users/rong_gong/2023/dax/wenet/data/0053/conversation_0122 223040 61
/fs/scratch/users/rong_gong/2023/dax/wenet/data/0062/conversation_0192 230560 12
/fs/scratch/users/rong_gong/2023/dax/wenet/data/0062/conversation_0266 238080 39
/fs/scratch/users/rong_gong/2023/dax/wenet/data/0062/conversation_0234 232160 44
/fs/scratch/users/rong_gong/2023/dax/wenet/data/0062/conversation_0242 250880 16
/fs/scratch/users/rong_gong/2023/dax/wenet/data/0062/conversation_0244 237600 45
/fs/scratch/users/rong_gong/2023/dax/wenet/data/0062/conversation_0050 210720 61
/fs/scratch/users/rong_gong/2023/dax/wenet/data/0062/conversation_0239 247680 50
/fs/scratch/users/rong_gong/2023/dax/wenet/data/0062/conversation_0211 241440 48
/fs/scratch/users/rong_gong/2023/dax/wenet/data/0062/conversation_0036 244800 43
/fs/scratch/users/rong_gong/2023/dax/wenet/data/0062/conversation_0270 232000 36
/fs/scratch/users/rong_gong/2023/dax/wenet/data/0062/conversation_0194 243680 44
/fs/scratch/users/rong_gong/2023/dax/wenet/data/0062/conversation_0037 222720 60
/fs/scratch/users/rong_gong/2023/dax/wenet/data/0062/conversation_0169 236000 17
/fs/scratch/users/rong_gong/2023/dax/wenet/data/0062/conversation_0206 272160 55
/fs/scratch/users/rong_gong/2023/dax/wenet/data/0039/conversation_0158 217600 62
/fs/scratch/users/rong_gong/2023/dax/wenet/data/0039/conversation_0172 235840 73
/fs/scratch/users/rong_gong/2023/dax/wenet/data/0039/conversation_0151 166720 63
/fs/scratch/users/rong_gong/2023/dax/wenet/data/0008/conversation_0147 235840 47
/fs/scratch/users/rong_gong/2023/dax/wenet/data/0008/conversation_0090 232480 54
/fs/scratch/users/rong_gong/2023/dax/wenet/data/0008/conversation_0127 243840 57
/fs/scratch/users/rong_gong/2023/dax/wenet/data/0008/conversation_0155 240000 50
/fs/scratch/users/rong_gong/2023/dax/wenet/data/0063/conversation_0506 225440 63
/fs/scratch/users/rong_gong/2023/dax/wenet/data/0063/conversation_0416 197760 64
/fs/scratch/users/rong_gong/2023/dax/wenet/data/0063/conversation_0530 232000 66
/fs/scratch/users/rong_gong/2023/dax/wenet/data/0063/conversation_0565 238560 14
/fs/scratch/users/rong_gong/2023/dax/wenet/data/0063/conversation_0454 198720 60
/fs/scratch/users/rong_gong/2023/dax/wenet/data/0063/conversation_0386 214880 69
/fs/scratch/users/rong_gong/2023/dax/wenet/data/0063/conversation_0515 197280 63
/fs/scratch/users/rong_gong/2023/dax/wenet/data/0038/conversation_0603 230240 55
/fs/scratch/users/rong_gong/2023/dax/wenet/data/0038/conversation_0414 232640 58
/fs/scratch/users/rong_gong/2023/dax/wenet/data/0038/conversation_0602 239360 71
/fs/scratch/users/rong_gong/2023/dax/wenet/data/0038/conversation_0293 192000 62
/fs/scratch/users/rong_gong/2023/dax/wenet/data/0038/conversation_0577 247200 55
/fs/scratch/users/rong_gong/2023/dax/wenet/data/0038/conversation_0391 203680 62
/fs/scratch/users/rong_gong/2023/dax/wenet/data/0038/conversation_0578 247040 66
/fs/scratch/users/rong_gong/2023/dax/wenet/data/0047/conversation_B_0018 237920 42
/fs/scratch/users/rong_gong/2023/dax/wenet/data/0047/conversation_A_0931 233600 56
/fs/scratch/users/rong_gong/2023/dax/wenet/data/0047/conversation_A_0875 209920 66
/fs/scratch/users/rong_gong/2023/dax/wenet/data/0047/conversation_A_0885 232320 55
/fs/scratch/users/rong_gong/2023/dax/wenet/data/0047/conversation_A_0936 238080 59
/fs/scratch/users/rong_gong/2023/dax/wenet/data/0047/conversation_B_0020 233120 39
/fs/scratch/users/rong_gong/2023/dax/wenet/data/0047/conversation_A_0862 232480 37
/fs/scratch/users/rong_gong/2023/dax/wenet/data/0047/conversation_A_0927 213440 65
/fs/scratch/users/rong_gong/2023/dax/wenet/data/0047/conversation_B_0030 230880 37
/fs/scratch/users/rong_gong/2023/dax/wenet/data/0047/conversation_A_0938 230400 47
/fs/scratch/users/rong_gong/2023/dax/wenet/data/0047/conversation_A_0964 231520 44
/fs/scratch/users/rong_gong/2023/dax/wenet/data/0047/conversation_A_0905 239520 52
/fs/scratch/users/rong_gong/2023/dax/wenet/data/0047/conversation_A_0867 221601 69
/fs/scratch/users/rong_gong/2023/dax/wenet/data/0047/conversation_A_0925 234880 63
/fs/scratch/users/rong_gong/2023/dax/wenet/data/0047/conversation_B_0008 232800 37
/fs/scratch/users/rong_gong/2023/dax/wenet/data/0047/conversation_A_0847 211360 66
/fs/scratch/users/rong_gong/2023/dax/wenet/data/0047/conversation_A_0894 231040 56
/fs/scratch/users/rong_gong/2023/dax/wenet/data/0023/conversation_B_0018 248800 58
/fs/scratch/users/rong_gong/2023/dax/wenet/data/0023/conversation_A_0142 234880 46
/fs/scratch/users/rong_gong/2023/dax/wenet/data/0023/conversation_A_0187 233920 66
/fs/scratch/users/rong_gong/2023/dax/wenet/data/0023/conversation_A_0177 222080 64
/fs/scratch/users/rong_gong/2023/dax/wenet/data/0023/conversation_B_0006 232320 8
/fs/scratch/users/rong_gong/2023/dax/wenet/data/0023/conversation_A_0171 206880 74
/fs/scratch/users/rong_gong/2023/dax/wenet/data/0023/conversation_A_0198 232000 58
/fs/scratch/users/rong_gong/2023/dax/wenet/data/0023/conversation_A_0093 224000 73
/fs/scratch/users/rong_gong/2023/dax/wenet/data/0023/conversation_A_0182 240000 55
/fs/scratch/users/rong_gong/2023/dax/wenet/data/0023/conversation_A_0106 253920 50
/fs/scratch/users/rong_gong/2023/dax/wenet/data/0023/conversation_B_0023 242080 65
/fs/scratch/users/rong_gong/2023/dax/wenet/data/0023/conversation_A_0119 236160 61
/fs/scratch/users/rong_gong/2023/dax/wenet/data/0023/conversation_A_0134 233440 56
/fs/scratch/users/rong_gong/2023/dax/wenet/data/0023/conversation_A_0072 238560 63
/fs/scratch/users/rong_gong/2023/dax/wenet/data/0023/conversation_A_0124 231840 69
/fs/scratch/users/rong_gong/2023/dax/wenet/data/0023/conversation_A_0157 233280 56
/fs/scratch/users/rong_gong/2023/dax/wenet/data/0023/conversation_A_0104 276800 63
/fs/scratch/users/rong_gong/2023/dax/wenet/data/0023/conversation_B_0025 230080 38
/fs/scratch/users/rong_gong/2023/dax/wenet/data/0023/conversation_A_0199 239680 71
/fs/scratch/users/rong_gong/2023/dax/wenet/data/0023/conversation_B_0026 235680 59
/fs/scratch/users/rong_gong/2023/dax/wenet/data/0023/conversation_A_0174 230240 68
/fs/scratch/users/rong_gong/2023/dax/wenet/data/0023/conversation_A_0076 201600 61
/fs/scratch/users/rong_gong/2023/dax/wenet/data/0023/conversation_A_0161 237440 65
/fs/scratch/users/rong_gong/2023/dax/wenet/data/0023/conversation_A_0166 208000 68
/fs/scratch/users/rong_gong/2023/dax/wenet/data/0023/conversation_B_0035 277920 45
/fs/scratch/users/rong_gong/2023/dax/wenet/data/0023/conversation_A_0097 230880 50
/fs/scratch/users/rong_gong/2023/dax/wenet/data/0013/conversation_0172 202880 70
/fs/scratch/users/rong_gong/2023/dax/wenet/data/0013/conversation_0113 247200 42
/fs/scratch/users/rong_gong/2023/dax/wenet/data/0013/conversation_0154 164160 74
/fs/scratch/users/rong_gong/2023/dax/wenet/data/0013/conversation_0237 226560 66
/fs/scratch/users/rong_gong/2023/dax/wenet/data/0013/conversation_0054 246080 18
/fs/scratch/users/rong_gong/2023/dax/wenet/data/0013/conversation_0034 230400 32
/fs/scratch/users/rong_gong/2023/dax/wenet/data/0013/conversation_0102 237760 27
/fs/scratch/users/rong_gong/2023/dax/wenet/data/0013/conversation_0059 231840 24
/fs/scratch/users/rong_gong/2023/dax/wenet/data/0013/conversation_0224 205760 61
/fs/scratch/users/rong_gong/2023/dax/wenet/data/0013/conversation_0216 230880 32
/fs/scratch/users/rong_gong/2023/dax/wenet/data/0044/conversation_0404 230720 51
/fs/scratch/users/rong_gong/2023/dax/wenet/data/0044/conversation_0268 232960 51
/fs/scratch/users/rong_gong/2023/dax/wenet/data/0044/conversation_0238 236160 57
/fs/scratch/users/rong_gong/2023/dax/wenet/data/0044/conversation_0329 233280 55
/fs/scratch/users/rong_gong/2023/dax/wenet/data/0044/conversation_0405 199520 65
/fs/scratch/users/rong_gong/2023/dax/wenet/data/0044/conversation_0291 237600 47
/fs/scratch/users/rong_gong/2023/dax/wenet/data/0044/conversation_0403 212000 60
/fs/scratch/users/rong_gong/2023/dax/wenet/data/0044/conversation_0293 237760 63
/fs/scratch/users/rong_gong/2023/dax/wenet/data/0044/conversation_0372 208160 65
/fs/scratch/users/rong_gong/2023/dax/wenet/data/0044/conversation_0272 235360 59
/fs/scratch/users/rong_gong/2023/dax/wenet/data/0044/conversation_0413 214240 65
/fs/scratch/users/rong_gong/2023/dax/wenet/data/0044/conversation_0358 188320 62
/fs/scratch/users/rong_gong/2023/dax/wenet/data/0044/conversation_0245 234560 12
/fs/scratch/users/rong_gong/2023/dax/wenet/data/0017/conversation_0303 238080 55
/fs/scratch/users/rong_gong/2023/dax/wenet/data/0017/conversation_0327 234400 57
/fs/scratch/users/rong_gong/2023/dax/wenet/data/0017/conversation_0276 203040 62
/fs/scratch/users/rong_gong/2023/dax/wenet/data/0046/conversation_0271 231520 56
/fs/scratch/users/rong_gong/2023/dax/wenet/data/0046/conversation_0428 236800 57
/fs/scratch/users/rong_gong/2023/dax/wenet/data/0046/conversation_0348 235840 49
/fs/scratch/users/rong_gong/2023/dax/wenet/data/0046/conversation_0388 236160 60
/fs/scratch/users/rong_gong/2023/dax/wenet/data/0046/conversation_0442 239520 47
/fs/scratch/users/rong_gong/2023/dax/wenet/data/0046/conversation_0300 222560 60
/fs/scratch/users/rong_gong/2023/dax/wenet/data/0007/conversation_0047 237440 45
/fs/scratch/users/rong_gong/2023/dax/wenet/data/0007/conversation_0026 276000 12
/fs/scratch/users/rong_gong/2023/dax/wenet/data/0007/conversation_0002 234560 48
/fs/scratch/users/rong_gong/2023/dax/wenet/data/0007/conversation_0157 252640 52
/fs/scratch/users/rong_gong/2023/dax/wenet/data/0007/conversation_0090 261920 52
/fs/scratch/users/rong_gong/2023/dax/wenet/data/0007/conversation_0050 253600 36
/fs/scratch/users/rong_gong/2023/dax/wenet/data/0007/conversation_0125 327840 64
/fs/scratch/users/rong_gong/2023/dax/wenet/data/0007/conversation_0172 235520 55
/fs/scratch/users/rong_gong/2023/dax/wenet/data/0007/conversation_0153 258880 68
/fs/scratch/users/rong_gong/2023/dax/wenet/data/0007/conversation_0004 238880 55
/fs/scratch/users/rong_gong/2023/dax/wenet/data/0007/conversation_0005 267040 45
/fs/scratch/users/rong_gong/2023/dax/wenet/data/0007/conversation_0135 242240 46
/fs/scratch/users/rong_gong/2023/dax/wenet/data/0007/conversation_0101 245120 38
/fs/scratch/users/rong_gong/2023/dax/wenet/data/0007/conversation_0159 237440 48
/fs/scratch/users/rong_gong/2023/dax/wenet/data/0007/conversation_0083 282560 47
/fs/scratch/users/rong_gong/2023/dax/wenet/data/0007/conversation_0144 283360 63
/fs/scratch/users/rong_gong/2023/dax/wenet/data/0007/conversation_0163 268800 62
/fs/scratch/users/rong_gong/2023/dax/wenet/data/0007/conversation_0151 242400 50
/fs/scratch/users/rong_gong/2023/dax/wenet/data/0033/conversation_0087 239520 47
/fs/scratch/users/rong_gong/2023/dax/wenet/data/0033/conversation_0386 235840 42
/fs/scratch/users/rong_gong/2023/dax/wenet/data/0031/conversation_0002 236000 49
/fs/scratch/users/rong_gong/2023/dax/wenet/data/0031/conversation_0008 236000 53
/fs/scratch/users/rong_gong/2023/dax/wenet/data/0031/conversation_0165 233280 42
/fs/scratch/users/rong_gong/2023/dax/wenet/data/0041/conversation_0443 230720 68
/fs/scratch/users/rong_gong/2023/dax/wenet/data/0041/conversation_0292 236960 61
/fs/scratch/users/rong_gong/2023/dax/wenet/data/0041/conversation_0378 239200 20
/fs/scratch/users/rong_gong/2023/dax/wenet/data/0041/conversation_0424 251200 60
/fs/scratch/users/rong_gong/2023/dax/wenet/data/0041/conversation_0382 236800 49
/fs/scratch/users/rong_gong/2023/dax/wenet/data/0041/conversation_0384 211520 60
/fs/scratch/users/rong_gong/2023/dax/wenet/data/0050/conversation_0363 230240 51
/fs/scratch/users/rong_gong/2023/dax/wenet/data/0050/conversation_0256 234720 46
/fs/scratch/users/rong_gong/2023/dax/wenet/data/0050/conversation_0250 230400 41
/fs/scratch/users/rong_gong/2023/dax/wenet/data/0050/conversation_0346 233600 58
/fs/scratch/users/rong_gong/2023/dax/wenet/data/0050/conversation_0364 233600 39
/fs/scratch/users/rong_gong/2023/dax/wenet/data/0050/conversation_0280 238400 50
/fs/scratch/users/rong_gong/2023/dax/wenet/data/0050/conversation_0357 240000 44
/fs/scratch/users/rong_gong/2023/dax/wenet/data/0050/conversation_0334 237920 55
/fs/scratch/users/rong_gong/2023/dax/wenet/data/0050/conversation_0211 231840 25
/fs/scratch/users/rong_gong/2023/dax/wenet/data/0050/conversation_0352 241920 50
/fs/scratch/users/rong_gong/2023/dax/wenet/data/0050/conversation_0287 235200 39
/fs/scratch/users/rong_gong/2023/dax/wenet/data/0050/conversation_0216 240000 41
/fs/scratch/users/rong_gong/2023/dax/wenet/data/0015/conversation_0119 236320 46
/fs/scratch/users/rong_gong/2023/dax/wenet/data/0015/conversation_0093 235680 45
/fs/scratch/users/rong_gong/2023/dax/wenet/data/0015/conversation_0514 232000 54
/fs/scratch/users/rong_gong/2023/dax/wenet/data/0015/conversation_0116 238880 29
/fs/scratch/users/rong_gong/2023/dax/wenet/data/0015/conversation_0128 235520 56
/fs/scratch/users/rong_gong/2023/dax/wenet/data/0015/conversation_0056 230080 41
/fs/scratch/users/rong_gong/2023/dax/wenet/data/0015/conversation_0015 232000 41
/fs/scratch/users/rong_gong/2023/dax/wenet/data/0015/conversation_0517 232000 43
/fs/scratch/users/rong_gong/2023/dax/wenet/data/0015/conversation_0078 230080 47
/fs/scratch/users/rong_gong/2023/dax/wenet/data/0015/conversation_0049 232640 44
/fs/scratch/users/rong_gong/2023/dax/wenet/data/0015/conversation_0114 254080 46
/fs/scratch/users/rong_gong/2023/dax/wenet/data/0052/conversation_0024 231840 44
/fs/scratch/users/rong_gong/2023/dax/wenet/data/0052/command_0281 268960 18
/fs/scratch/users/rong_gong/2023/dax/wenet/data/0052/command_0275 234880 18
/fs/scratch/users/rong_gong/2023/dax/wenet/data/0052/command_0257 292160 17
/fs/scratch/users/rong_gong/2023/dax/wenet/data/0052/command_0276 237600 19
/fs/scratch/users/rong_gong/2023/dax/wenet/data/0037/conversation_0050 259840 19
/fs/scratch/users/rong_gong/2023/dax/wenet/data/0037/conversation_0073 254400 18
/fs/scratch/users/rong_gong/2023/dax/wenet/data/0037/conversation_0063 250080 30
/fs/scratch/users/rong_gong/2023/dax/wenet/data/0037/conversation_0013 249120 49
/fs/scratch/users/rong_gong/2023/dax/wenet/data/0042/conversation_0009 234240 37
/fs/scratch/users/rong_gong/2023/dax/wenet/data/0042/conversation_0132 231200 49
/fs/scratch/users/rong_gong/2023/dax/wenet/data/0042/conversation_0099 236800 60
/fs/scratch/users/rong_gong/2023/dax/wenet/data/0042/conversation_0055 238240 39
/fs/scratch/users/rong_gong/2023/dax/wenet/data/0042/conversation_0105 234720 54
/fs/scratch/users/rong_gong/2023/dax/wenet/data/0042/conversation_0043 234880 36
/fs/scratch/users/rong_gong/2023/dax/wenet/data/0030/conversation_0223 237120 30
